  Assembling main.asm...
main.asm(1): error A2008: syntax error : .
main.asm(2): error A2008: syntax error : .
main.asm(3): error A2008: syntax error : .
main.asm(5): error A2008: syntax error : ,
main.asm(17): error A2070: invalid instruction operands
main.asm(18): error A2070: invalid instruction operands
main.asm(19): error A2070: invalid instruction operands
main.asm(20): error A2070: invalid instruction operands
main.asm(21): error A2070: invalid instruction operands
main.asm(31): error A2070: invalid instruction operands
main.asm(32): error A2070: invalid instruction operands
main.asm(33): error A2070: invalid instruction operands
main.asm(34): error A2070: invalid instruction operands
main.asm(35): error A2070: invalid instruction operands
main.asm(38): error A2008: syntax error : INVOKE
main.asm(46): error A2070: invalid instruction operands
main.asm(47): error A2070: invalid instruction operands
main.asm(48): error A2070: invalid instruction operands
main.asm(64): error A2070: invalid instruction operands
main.asm(65): error A2070: invalid instruction operands
main.asm(66): error A2070: invalid instruction operands
main.asm(83): error A2070: invalid instruction operands
main.asm(84): error A2070: invalid instruction operands
main.asm(85): error A2070: invalid instruction operands
main.asm(91): error A2008: syntax error : main
main.asm(91): error A2088: END directive required at end of file
main.asm(29): error A2006: undefined symbol : index
C:\Program Files\Microsoft Visual Studio\2022\Community\MSBuild\Microsoft\VC\v170\BuildCustomizations\masm.targets(70,5): error MSB3721: The command "ml64.exe /c /nologo /Zi /Fo"Contains\x64\Debug\main.obj" /W3 /errorReport:prompt  /Tamain.asm" exited with code 1.
