  Assembling main.asm...
main.asm(1): error A2008: syntax error : .
main.asm(2): error A2008: syntax error : .
main.asm(3): error A2008: syntax error : .
main.asm(5): error A2008: syntax error : ,
main.asm(17): error A2070: invalid instruction operands
main.asm(18): error A2070: invalid instruction operands
main.asm(19): error A2070: invalid instruction operands
main.asm(20): error A2070: invalid instruction operands
main.asm(21): error A2070: invalid instruction operands
main.asm(31): error A2070: invalid instruction operands
main.asm(32): error A2070: invalid instruction operands
main.asm(33): error A2070: invalid instruction operands
main.asm(34): error A2070: invalid instruction operands
main.asm(35): error A2070: invalid instruction operands
main.asm(38): error A2008: syntax error : INVOKE
main.asm(54): error A2070: invalid instruction operands
main.asm(55): error A2070: invalid instruction operands
main.asm(56): error A2070: invalid instruction operands
main.asm(57): error A2070: invalid instruction operands
main.asm(73): error A2070: invalid instruction operands
main.asm(74): error A2070: invalid instruction operands
main.asm(75): error A2070: invalid instruction operands
main.asm(76): error A2070: invalid instruction operands
main.asm(83): error A2070: invalid instruction operands
main.asm(84): error A2070: invalid instruction operands
main.asm(85): error A2070: invalid instruction operands
main.asm(86): error A2070: invalid instruction operands
main.asm(94): error A2008: syntax error : main
main.asm(95): error A2008: syntax error : .
main.asm(96): error A2008: syntax error : .
main.asm(98): error A2008: syntax error : ,
main.asm(103): error A2005: symbol redefinition : main
main.asm(105): error A2008: syntax error : INVOKE
main.asm(106): fatal error A1010: unmatched block nesting : main
C:\Program Files\Microsoft Visual Studio\2022\Community\MSBuild\Microsoft\VC\v170\BuildCustomizations\masm.targets(70,5): error MSB3721: The command "ml64.exe /c /nologo /Zi /Fo"EndsWith\x64\Debug\main.obj" /W3 /errorReport:prompt  /Tamain.asm" exited with code 1.
